d:\users\mvkol\github\hse_computergraphics\project 3\cg_3_kolos\debug\cg_3_kolos.splinesform.resources
d:\users\mvkol\github\hse_computergraphics\project 3\cg_3_kolos\debug\vc141.pdb
d:\users\mvkol\github\hse_computergraphics\project 3\cg_3_kolos\debug\.netframework,version=v4.6.1.assemblyattributes.obj
d:\users\mvkol\github\hse_computergraphics\project 3\cg_3_kolos\debug\.netframework,version=v4.6.1.assemblyattributes.asm
d:\users\mvkol\github\hse_computergraphics\project 3\debug\cg_3_kolos.exe
d:\users\mvkol\github\hse_computergraphics\project 3\debug\cg_3_kolos.pdb
d:\users\mvkol\github\hse_computergraphics\project 3\cg_3_kolos\debug\cg_3_kolos.vcxproj.generateresource.cache
d:\users\mvkol\github\hse_computergraphics\project 3\cg_3_kolos\debug\cg_3_kolos.vcxprojresolveassemblyreference.cache
d:\users\mvkol\github\hse_computergraphics\project 3\cg_3_kolos\debug\splinesform.obj
d:\users\mvkol\github\hse_computergraphics\project 3\cg_3_kolos\debug\utils.obj
d:\users\mvkol\github\hse_computergraphics\project 3\cg_3_kolos\debug\cg_3_kolos.tlog\cg_3_kolos.write.1u.tlog
d:\users\mvkol\github\hse_computergraphics\project 3\cg_3_kolos\debug\cg_3_kolos.tlog\cl.command.1.tlog
d:\users\mvkol\github\hse_computergraphics\project 3\cg_3_kolos\debug\cg_3_kolos.tlog\cl.read.1.tlog
d:\users\mvkol\github\hse_computergraphics\project 3\cg_3_kolos\debug\cg_3_kolos.tlog\cl.write.1.tlog
d:\users\mvkol\github\hse_computergraphics\project 3\cg_3_kolos\debug\cg_3_kolos.tlog\link.command.1.tlog
d:\users\mvkol\github\hse_computergraphics\project 3\cg_3_kolos\debug\cg_3_kolos.tlog\link.read.1.tlog
d:\users\mvkol\github\hse_computergraphics\project 3\cg_3_kolos\debug\cg_3_kolos.tlog\link.write.1.tlog
d:\users\mvkol\github\hse_computergraphics\project 3\cg_3_kolos\debug\cg_3_kolos.tlog\metagen.read.1.tlog
d:\users\mvkol\github\hse_computergraphics\project 3\cg_3_kolos\debug\cg_3_kolos.tlog\metagen.write.1.tlog
d:\users\mvkol\github\hse_computergraphics\project 3\cg_3_kolos\debug\cg_3_kolos.tlog\tzres.dll.bi
