  SplinesForm.cpp
d:\users\mvkol\github\hse_computergraphics\project 3\cg_3_kolos\SplinesForm.h(70): warning C4677: t: сигнатура члена, не являющегося частным, содержит частный тип сборки "Tool"
  d:\users\mvkol\github\hse_computergraphics\project 3\cg_3_kolos\Utils.h(18): note:  см. объявление "Tool"
d:\users\mvkol\github\hse_computergraphics\project 3\cg_3_kolos\SplinesForm.h(359): warning C4305: аргумент: усечение из "double" в "float"
SplinesForm.cpp(84): warning C4244: =: преобразование "int" в "float", возможна потеря данных
SplinesForm.cpp(85): warning C4244: =: преобразование "int" в "float", возможна потеря данных
SplinesForm.cpp(114): warning C4244: аргумент: преобразование "float" в "int", возможна потеря данных
SplinesForm.cpp(135): warning C4244: =: преобразование "int" в "float", возможна потеря данных
SplinesForm.cpp(136): warning C4244: =: преобразование "int" в "float", возможна потеря данных
SplinesForm.cpp(139): warning C4244: =: преобразование "int" в "float", возможна потеря данных
SplinesForm.cpp(140): warning C4244: =: преобразование "int" в "float", возможна потеря данных
SplinesForm.cpp(161): warning C4244: аргумент: преобразование "float" в "int", возможна потеря данных
SplinesForm.cpp(182): warning C4244: инициализация: преобразование "int" в "float", возможна потеря данных
SplinesForm.cpp(183): warning C4244: инициализация: преобразование "int" в "float", возможна потеря данных
SplinesForm.cpp(185): warning C4244: аргумент: преобразование "float" в "int", возможна потеря данных
SplinesForm.cpp(200): warning C4244: инициализация: преобразование "int" в "float", возможна потеря данных
SplinesForm.cpp(201): warning C4244: инициализация: преобразование "int" в "float", возможна потеря данных
SplinesForm.cpp(203): warning C4244: аргумент: преобразование "float" в "int", возможна потеря данных
SplinesForm.cpp(244): warning C4244: аргумент: преобразование "float" в "int", возможна потеря данных
SplinesForm.cpp(301): warning C4244: аргумент: преобразование "float" в "int", возможна потеря данных
SplinesForm.cpp(308): warning C4244: инициализация: преобразование "float" в "int", возможна потеря данных
SplinesForm.cpp(321): warning C4244: =: преобразование "int" в "float", возможна потеря данных
  Utils.cpp
Utils.cpp(128): warning C4244: =: преобразование "int" в "float", возможна потеря данных
Utils.cpp(129): warning C4244: =: преобразование "int" в "float", возможна потеря данных
Utils.cpp(158): warning C4244: аргумент: преобразование "float" в "int", возможна потеря данных
Utils.cpp(178): warning C4244: =: преобразование "int" в "float", возможна потеря данных
Utils.cpp(179): warning C4244: =: преобразование "int" в "float", возможна потеря данных
Utils.cpp(182): warning C4244: =: преобразование "int" в "float", возможна потеря данных
Utils.cpp(183): warning C4244: =: преобразование "int" в "float", возможна потеря данных
Utils.cpp(204): warning C4244: аргумент: преобразование "float" в "int", возможна потеря данных
Utils.cpp(225): warning C4244: инициализация: преобразование "int" в "float", возможна потеря данных
Utils.cpp(226): warning C4244: инициализация: преобразование "int" в "float", возможна потеря данных
Utils.cpp(228): warning C4244: аргумент: преобразование "float" в "int", возможна потеря данных
Utils.cpp(242): warning C4244: инициализация: преобразование "int" в "float", возможна потеря данных
Utils.cpp(243): warning C4244: инициализация: преобразование "int" в "float", возможна потеря данных
Utils.cpp(245): warning C4244: аргумент: преобразование "float" в "int", возможна потеря данных
Utils.cpp(263): warning C4244: аргумент: преобразование "float" в "int", возможна потеря данных
  Создание кода...
  CG_3_Kolos.vcxproj -> D:\Users\mvkol\GitHub\HSE_ComputerGraphics\Project 3\Debug\CG_3_Kolos.exe
