d:\users\mvkol\documents\cg\hse_computergraphics\project 1-2\cg_1_kolos\debug\cg_1_kolos.bresform.resources
d:\users\mvkol\documents\cg\hse_computergraphics\project 1-2\cg_1_kolos\debug\vc141.pdb
d:\users\mvkol\documents\cg\hse_computergraphics\project 1-2\cg_1_kolos\debug\bresform.obj
d:\users\mvkol\documents\cg\hse_computergraphics\project 1-2\cg_1_kolos\debug\utility.obj
d:\users\mvkol\documents\cg\hse_computergraphics\project 1-2\cg_1_kolos\debug\.netframework,version=v4.6.1.assemblyattributes.obj
d:\users\mvkol\documents\cg\hse_computergraphics\project 1-2\cg_1_kolos\debug\.netframework,version=v4.6.1.assemblyattributes.asm
d:\users\mvkol\documents\cg\hse_computergraphics\project 1-2\cg_1_kolos\debug\cg_1_kolos.res
d:\users\mvkol\documents\cg\hse_computergraphics\project 1-2\cg_1_kolos\debug\cg_1_kolos.vcxproj.generateresource.cache
d:\users\mvkol\documents\cg\hse_computergraphics\project 1-2\debug\cg_1_kolos.pdb
d:\users\mvkol\documents\cg\hse_computergraphics\project 1-2\cg_1_kolos\debug\cg_1_kolos.tlog\cg_1_kolos.write.1u.tlog
d:\users\mvkol\documents\cg\hse_computergraphics\project 1-2\cg_1_kolos\debug\cg_1_kolos.tlog\cl.command.1.tlog
d:\users\mvkol\documents\cg\hse_computergraphics\project 1-2\cg_1_kolos\debug\cg_1_kolos.tlog\cl.read.1.tlog
d:\users\mvkol\documents\cg\hse_computergraphics\project 1-2\cg_1_kolos\debug\cg_1_kolos.tlog\cl.write.1.tlog
d:\users\mvkol\documents\cg\hse_computergraphics\project 1-2\cg_1_kolos\debug\cg_1_kolos.tlog\link.10284-cvtres.read.1.tlog
d:\users\mvkol\documents\cg\hse_computergraphics\project 1-2\cg_1_kolos\debug\cg_1_kolos.tlog\link.10284-cvtres.write.1.tlog
d:\users\mvkol\documents\cg\hse_computergraphics\project 1-2\cg_1_kolos\debug\cg_1_kolos.tlog\link.10284-rc.read.1.tlog
d:\users\mvkol\documents\cg\hse_computergraphics\project 1-2\cg_1_kolos\debug\cg_1_kolos.tlog\link.10284-rc.write.1.tlog
d:\users\mvkol\documents\cg\hse_computergraphics\project 1-2\cg_1_kolos\debug\cg_1_kolos.tlog\link.10284.read.1.tlog
d:\users\mvkol\documents\cg\hse_computergraphics\project 1-2\cg_1_kolos\debug\cg_1_kolos.tlog\link.10284.write.1.tlog
d:\users\mvkol\documents\cg\hse_computergraphics\project 1-2\cg_1_kolos\debug\cg_1_kolos.tlog\link.command.1.tlog
d:\users\mvkol\documents\cg\hse_computergraphics\project 1-2\cg_1_kolos\debug\cg_1_kolos.tlog\link.read.1.tlog
d:\users\mvkol\documents\cg\hse_computergraphics\project 1-2\cg_1_kolos\debug\cg_1_kolos.tlog\link.write.1.tlog
d:\users\mvkol\documents\cg\hse_computergraphics\project 1-2\cg_1_kolos\debug\cg_1_kolos.tlog\metagen.read.1.tlog
d:\users\mvkol\documents\cg\hse_computergraphics\project 1-2\cg_1_kolos\debug\cg_1_kolos.tlog\metagen.write.1.tlog
d:\users\mvkol\documents\cg\hse_computergraphics\project 1-2\cg_1_kolos\debug\cg_1_kolos.tlog\rc.command.1.tlog
d:\users\mvkol\documents\cg\hse_computergraphics\project 1-2\cg_1_kolos\debug\cg_1_kolos.tlog\rc.read.1.tlog
d:\users\mvkol\documents\cg\hse_computergraphics\project 1-2\cg_1_kolos\debug\cg_1_kolos.tlog\rc.write.1.tlog
d:\users\mvkol\documents\cg\hse_computergraphics\project 1-2\cg_1_kolos\debug\cg_1_kolos.tlog\tzres.dll.bi
